<?xml version="1.0" encoding="UTF-8"?>
<!-- Generated by org.testng.reporters.JUnitReportReporter -->
<testsuite hostname="G4-W10-21H1-LEG" failures="0" tests="1" name="addtocarttabtestcases.AddtoCart" time="12.049" errors="0" timestamp="2023-12-05T12:13:56 IST" skipped="0">
  <testcase classname="addtocarttabtestcases.AddtoCart" name="verifyUserisabletoaddTablettoCartandRemovefromCart" time="12.049"/>
  <system-out/>
</testsuite> <!-- addtocarttabtestcases.AddtoCart -->
